生成启动时间为 2017/9/20 20:52:14。
     1>项目“C:\Users\dell\Desktop\802.11abgn_phy_11a\eiTemplate\eiTemplate.vcxproj”在节点 2 上(build 个目标)。
     1>InitializeBuildStatus:
         正在创建“Debug\eiTemplate.unsuccessfulbuild”，因为已指定“AlwaysCreate”。
       ClCompile:
         所有输出均为最新。
         e:\vs2010\VC\bin\CL.exe /c /ZI /nologo /W3 /WX- /Od /Oy- /D WIN32 /D _WINDOWS /D _DEBUG /D _MBCS /D _AFXDLL /Gm /EHsc /RTC1 /MDd /GS /fp:precise /Zc:wchar_t /Zc:forScope /Yu"StdAfx.h" /Fp"Debug\eiTemplate.pch" /Fo"Debug\\" /Fd"Debug\vc100.pdb" /Gd /TP /analyze- /errorReport:prompt MainFrm.cpp
         MainFrm.cpp
     1>c:\users\dell\desktop\802.11abgn_phy_11a\eitemplate\protocol\11n\channel.h(294): warning C4244: “初始化”: 从“double”转换到“int”，可能丢失数据
     1>c:\users\dell\desktop\802.11abgn_phy_11a\eitemplate\protocol\11n\channel.h(298): warning C4101: “pow1”: 未引用的局部变量
     1>c:\users\dell\desktop\802.11abgn_phy_11a\eitemplate\protocol\11n\channel.h(298): warning C4101: “pow2”: 未引用的局部变量
     1>c:\users\dell\desktop\802.11abgn_phy_11a\eitemplate\protocol\11n\channel.h(1065): warning C4244: “=”: 从“double”转换到“int”，可能丢失数据
     1>c:\users\dell\desktop\802.11abgn_phy_11a\eitemplate\protocol\11n\channel.h(1066): warning C4244: “参数”: 从“time_t”转换到“unsigned int”，可能丢失数据
     1>c:\users\dell\desktop\802.11abgn_phy_11a\eitemplate\protocol\11n\channel.h(603): warning C4101: “output_i”: 未引用的局部变量
     1>c:\users\dell\desktop\802.11abgn_phy_11a\eitemplate\filterfuncn.h(72): warning C4018: “<”: 有符号/无符号不匹配
     1>c:\users\dell\desktop\802.11abgn_phy_11a\eitemplate\filterfuncn.h(84): warning C4018: “<”: 有符号/无符号不匹配
     1>c:\users\dell\desktop\802.11abgn_phy_11a\eitemplate\filterfuncn.h(94): warning C4018: “<”: 有符号/无符号不匹配
     1>c:\users\dell\desktop\802.11abgn_phy_11a\eitemplate\define_param.h(16): warning C4005: “PI”: 宏重定义
                 c:\users\dell\desktop\802.11abgn_phy_11a\eitemplate\protocol\11n\channel.h(18) : 参见“PI”的前一个定义
     1>c:\users\dell\desktop\802.11abgn_phy_11a\eitemplate\mainfrm.cpp(597): warning C4258: “i”: 忽略 For 循环中的定义；使用封闭范围中的定义
                 c:\users\dell\desktop\802.11abgn_phy_11a\eitemplate\mainfrm.cpp(570) : 忽略“i”的定义
                 c:\users\dell\desktop\802.11abgn_phy_11a\eitemplate\mainfrm.cpp(517) : 使用“i”的定义
     1>c:\users\dell\desktop\802.11abgn_phy_11a\eitemplate\mainfrm.cpp(597): warning C4258: “i”: 忽略 For 循环中的定义；使用封闭范围中的定义
                 c:\users\dell\desktop\802.11abgn_phy_11a\eitemplate\mainfrm.cpp(570) : 忽略“i”的定义
                 c:\users\dell\desktop\802.11abgn_phy_11a\eitemplate\mainfrm.cpp(517) : 使用“i”的定义
     1>c:\users\dell\desktop\802.11abgn_phy_11a\eitemplate\mainfrm.cpp(597): warning C4258: “i”: 忽略 For 循环中的定义；使用封闭范围中的定义
                 c:\users\dell\desktop\802.11abgn_phy_11a\eitemplate\mainfrm.cpp(570) : 忽略“i”的定义
                 c:\users\dell\desktop\802.11abgn_phy_11a\eitemplate\mainfrm.cpp(517) : 使用“i”的定义
     1>c:\users\dell\desktop\802.11abgn_phy_11a\eitemplate\mainfrm.cpp(599): warning C4258: “i”: 忽略 For 循环中的定义；使用封闭范围中的定义
                 c:\users\dell\desktop\802.11abgn_phy_11a\eitemplate\mainfrm.cpp(570) : 忽略“i”的定义
                 c:\users\dell\desktop\802.11abgn_phy_11a\eitemplate\mainfrm.cpp(517) : 使用“i”的定义
     1>c:\users\dell\desktop\802.11abgn_phy_11a\eitemplate\mainfrm.cpp(599): warning C4258: “i”: 忽略 For 循环中的定义；使用封闭范围中的定义
                 c:\users\dell\desktop\802.11abgn_phy_11a\eitemplate\mainfrm.cpp(570) : 忽略“i”的定义
                 c:\users\dell\desktop\802.11abgn_phy_11a\eitemplate\mainfrm.cpp(517) : 使用“i”的定义
     1>c:\users\dell\desktop\802.11abgn_phy_11a\eitemplate\mainfrm.cpp(686): warning C4258: “j”: 忽略 For 循环中的定义；使用封闭范围中的定义
                 c:\users\dell\desktop\802.11abgn_phy_11a\eitemplate\mainfrm.cpp(677) : 忽略“j”的定义
                 c:\users\dell\desktop\802.11abgn_phy_11a\eitemplate\mainfrm.cpp(517) : 使用“j”的定义
     1>c:\users\dell\desktop\802.11abgn_phy_11a\eitemplate\mainfrm.cpp(686): warning C4258: “j”: 忽略 For 循环中的定义；使用封闭范围中的定义
                 c:\users\dell\desktop\802.11abgn_phy_11a\eitemplate\mainfrm.cpp(677) : 忽略“j”的定义
                 c:\users\dell\desktop\802.11abgn_phy_11a\eitemplate\mainfrm.cpp(517) : 使用“j”的定义
     1>c:\users\dell\desktop\802.11abgn_phy_11a\eitemplate\mainfrm.cpp(686): warning C4258: “j”: 忽略 For 循环中的定义；使用封闭范围中的定义
                 c:\users\dell\desktop\802.11abgn_phy_11a\eitemplate\mainfrm.cpp(677) : 忽略“j”的定义
                 c:\users\dell\desktop\802.11abgn_phy_11a\eitemplate\mainfrm.cpp(517) : 使用“j”的定义
     1>c:\users\dell\desktop\802.11abgn_phy_11a\eitemplate\mainfrm.cpp(688): warning C4258: “j”: 忽略 For 循环中的定义；使用封闭范围中的定义
                 c:\users\dell\desktop\802.11abgn_phy_11a\eitemplate\mainfrm.cpp(677) : 忽略“j”的定义
                 c:\users\dell\desktop\802.11abgn_phy_11a\eitemplate\mainfrm.cpp(517) : 使用“j”的定义
     1>c:\users\dell\desktop\802.11abgn_phy_11a\eitemplate\mainfrm.cpp(688): warning C4258: “j”: 忽略 For 循环中的定义；使用封闭范围中的定义
                 c:\users\dell\desktop\802.11abgn_phy_11a\eitemplate\mainfrm.cpp(677) : 忽略“j”的定义
                 c:\users\dell\desktop\802.11abgn_phy_11a\eitemplate\mainfrm.cpp(517) : 使用“j”的定义
     1>c:\users\dell\desktop\802.11abgn_phy_11a\eitemplate\mainfrm.cpp(689): warning C4258: “j”: 忽略 For 循环中的定义；使用封闭范围中的定义
                 c:\users\dell\desktop\802.11abgn_phy_11a\eitemplate\mainfrm.cpp(677) : 忽略“j”的定义
                 c:\users\dell\desktop\802.11abgn_phy_11a\eitemplate\mainfrm.cpp(517) : 使用“j”的定义
     1>c:\users\dell\desktop\802.11abgn_phy_11a\eitemplate\mainfrm.cpp(689): warning C4258: “j”: 忽略 For 循环中的定义；使用封闭范围中的定义
                 c:\users\dell\desktop\802.11abgn_phy_11a\eitemplate\mainfrm.cpp(677) : 忽略“j”的定义
                 c:\users\dell\desktop\802.11abgn_phy_11a\eitemplate\mainfrm.cpp(517) : 使用“j”的定义
     1>c:\users\dell\desktop\802.11abgn_phy_11a\eitemplate\mainfrm.cpp(689): warning C4258: “j”: 忽略 For 循环中的定义；使用封闭范围中的定义
                 c:\users\dell\desktop\802.11abgn_phy_11a\eitemplate\mainfrm.cpp(677) : 忽略“j”的定义
                 c:\users\dell\desktop\802.11abgn_phy_11a\eitemplate\mainfrm.cpp(517) : 使用“j”的定义
     1>c:\users\dell\desktop\802.11abgn_phy_11a\eitemplate\mainfrm.cpp(689): warning C4244: “=”: 从“double”转换到“LONG”，可能丢失数据
     1>c:\users\dell\desktop\802.11abgn_phy_11a\eitemplate\mainfrm.cpp(718): warning C4244: “=”: 从“double”转换到“LONG”，可能丢失数据
     1>c:\users\dell\desktop\802.11abgn_phy_11a\eitemplate\mainfrm.cpp(751): warning C4258: “i”: 忽略 For 循环中的定义；使用封闭范围中的定义
                 c:\users\dell\desktop\802.11abgn_phy_11a\eitemplate\mainfrm.cpp(666) : 忽略“i”的定义
                 c:\users\dell\desktop\802.11abgn_phy_11a\eitemplate\mainfrm.cpp(517) : 使用“i”的定义
     1>c:\users\dell\desktop\802.11abgn_phy_11a\eitemplate\mainfrm.cpp(751): warning C4258: “i”: 忽略 For 循环中的定义；使用封闭范围中的定义
                 c:\users\dell\desktop\802.11abgn_phy_11a\eitemplate\mainfrm.cpp(666) : 忽略“i”的定义
                 c:\users\dell\desktop\802.11abgn_phy_11a\eitemplate\mainfrm.cpp(517) : 使用“i”的定义
     1>c:\users\dell\desktop\802.11abgn_phy_11a\eitemplate\mainfrm.cpp(751): warning C4258: “i”: 忽略 For 循环中的定义；使用封闭范围中的定义
                 c:\users\dell\desktop\802.11abgn_phy_11a\eitemplate\mainfrm.cpp(666) : 忽略“i”的定义
                 c:\users\dell\desktop\802.11abgn_phy_11a\eitemplate\mainfrm.cpp(517) : 使用“i”的定义
     1>c:\users\dell\desktop\802.11abgn_phy_11a\eitemplate\mainfrm.cpp(753): warning C4258: “i”: 忽略 For 循环中的定义；使用封闭范围中的定义
                 c:\users\dell\desktop\802.11abgn_phy_11a\eitemplate\mainfrm.cpp(666) : 忽略“i”的定义
                 c:\users\dell\desktop\802.11abgn_phy_11a\eitemplate\mainfrm.cpp(517) : 使用“i”的定义
     1>c:\users\dell\desktop\802.11abgn_phy_11a\eitemplate\mainfrm.cpp(753): warning C4258: “i”: 忽略 For 循环中的定义；使用封闭范围中的定义
                 c:\users\dell\desktop\802.11abgn_phy_11a\eitemplate\mainfrm.cpp(666) : 忽略“i”的定义
                 c:\users\dell\desktop\802.11abgn_phy_11a\eitemplate\mainfrm.cpp(517) : 使用“i”的定义
     1>c:\users\dell\desktop\802.11abgn_phy_11a\eitemplate\mainfrm.cpp(753): warning C4258: “i”: 忽略 For 循环中的定义；使用封闭范围中的定义
                 c:\users\dell\desktop\802.11abgn_phy_11a\eitemplate\mainfrm.cpp(666) : 忽略“i”的定义
                 c:\users\dell\desktop\802.11abgn_phy_11a\eitemplate\mainfrm.cpp(517) : 使用“i”的定义
     1>c:\users\dell\desktop\802.11abgn_phy_11a\eitemplate\mainfrm.cpp(849): warning C4258: “i”: 忽略 For 循环中的定义；使用封闭范围中的定义
                 c:\users\dell\desktop\802.11abgn_phy_11a\eitemplate\mainfrm.cpp(833) : 忽略“i”的定义
                 c:\users\dell\desktop\802.11abgn_phy_11a\eitemplate\mainfrm.cpp(517) : 使用“i”的定义
     1>c:\users\dell\desktop\802.11abgn_phy_11a\eitemplate\mainfrm.cpp(849): warning C4258: “i”: 忽略 For 循环中的定义；使用封闭范围中的定义
                 c:\users\dell\desktop\802.11abgn_phy_11a\eitemplate\mainfrm.cpp(833) : 忽略“i”的定义
                 c:\users\dell\desktop\802.11abgn_phy_11a\eitemplate\mainfrm.cpp(517) : 使用“i”的定义
     1>c:\users\dell\desktop\802.11abgn_phy_11a\eitemplate\mainfrm.cpp(849): warning C4258: “i”: 忽略 For 循环中的定义；使用封闭范围中的定义
                 c:\users\dell\desktop\802.11abgn_phy_11a\eitemplate\mainfrm.cpp(833) : 忽略“i”的定义
                 c:\users\dell\desktop\802.11abgn_phy_11a\eitemplate\mainfrm.cpp(517) : 使用“i”的定义
     1>c:\users\dell\desktop\802.11abgn_phy_11a\eitemplate\mainfrm.cpp(851): warning C4258: “i”: 忽略 For 循环中的定义；使用封闭范围中的定义
                 c:\users\dell\desktop\802.11abgn_phy_11a\eitemplate\mainfrm.cpp(833) : 忽略“i”的定义
                 c:\users\dell\desktop\802.11abgn_phy_11a\eitemplate\mainfrm.cpp(517) : 使用“i”的定义
     1>c:\users\dell\desktop\802.11abgn_phy_11a\eitemplate\mainfrm.cpp(851): warning C4258: “i”: 忽略 For 循环中的定义；使用封闭范围中的定义
                 c:\users\dell\desktop\802.11abgn_phy_11a\eitemplate\mainfrm.cpp(833) : 忽略“i”的定义
                 c:\users\dell\desktop\802.11abgn_phy_11a\eitemplate\mainfrm.cpp(517) : 使用“i”的定义
     1>c:\users\dell\desktop\802.11abgn_phy_11a\eitemplate\mainfrm.cpp(954): warning C4244: “=”: 从“double”转换到“LONG”，可能丢失数据
     1>c:\users\dell\desktop\802.11abgn_phy_11a\eitemplate\mainfrm.cpp(983): warning C4244: “=”: 从“double”转换到“LONG”，可能丢失数据
     1>c:\users\dell\desktop\802.11abgn_phy_11a\eitemplate\mainfrm.cpp(1015): warning C4258: “i”: 忽略 For 循环中的定义；使用封闭范围中的定义
                 c:\users\dell\desktop\802.11abgn_phy_11a\eitemplate\mainfrm.cpp(930) : 忽略“i”的定义
                 c:\users\dell\desktop\802.11abgn_phy_11a\eitemplate\mainfrm.cpp(517) : 使用“i”的定义
     1>c:\users\dell\desktop\802.11abgn_phy_11a\eitemplate\mainfrm.cpp(1015): warning C4258: “i”: 忽略 For 循环中的定义；使用封闭范围中的定义
                 c:\users\dell\desktop\802.11abgn_phy_11a\eitemplate\mainfrm.cpp(930) : 忽略“i”的定义
                 c:\users\dell\desktop\802.11abgn_phy_11a\eitemplate\mainfrm.cpp(517) : 使用“i”的定义
     1>c:\users\dell\desktop\802.11abgn_phy_11a\eitemplate\mainfrm.cpp(1015): warning C4258: “i”: 忽略 For 循环中的定义；使用封闭范围中的定义
                 c:\users\dell\desktop\802.11abgn_phy_11a\eitemplate\mainfrm.cpp(930) : 忽略“i”的定义
                 c:\users\dell\desktop\802.11abgn_phy_11a\eitemplate\mainfrm.cpp(517) : 使用“i”的定义
     1>c:\users\dell\desktop\802.11abgn_phy_11a\eitemplate\mainfrm.cpp(1017): warning C4258: “i”: 忽略 For 循环中的定义；使用封闭范围中的定义
                 c:\users\dell\desktop\802.11abgn_phy_11a\eitemplate\mainfrm.cpp(930) : 忽略“i”的定义
                 c:\users\dell\desktop\802.11abgn_phy_11a\eitemplate\mainfrm.cpp(517) : 使用“i”的定义
     1>c:\users\dell\desktop\802.11abgn_phy_11a\eitemplate\mainfrm.cpp(1017): warning C4258: “i”: 忽略 For 循环中的定义；使用封闭范围中的定义
                 c:\users\dell\desktop\802.11abgn_phy_11a\eitemplate\mainfrm.cpp(930) : 忽略“i”的定义
                 c:\users\dell\desktop\802.11abgn_phy_11a\eitemplate\mainfrm.cpp(517) : 使用“i”的定义
     1>c:\users\dell\desktop\802.11abgn_phy_11a\eitemplate\mainfrm.cpp(1017): warning C4258: “i”: 忽略 For 循环中的定义；使用封闭范围中的定义
                 c:\users\dell\desktop\802.11abgn_phy_11a\eitemplate\mainfrm.cpp(930) : 忽略“i”的定义
                 c:\users\dell\desktop\802.11abgn_phy_11a\eitemplate\mainfrm.cpp(517) : 使用“i”的定义
     1>c:\users\dell\desktop\802.11abgn_phy_11a\eitemplate\mainfrm.cpp(1109): warning C4258: “i”: 忽略 For 循环中的定义；使用封闭范围中的定义
                 c:\users\dell\desktop\802.11abgn_phy_11a\eitemplate\mainfrm.cpp(1092) : 忽略“i”的定义
                 c:\users\dell\desktop\802.11abgn_phy_11a\eitemplate\mainfrm.cpp(517) : 使用“i”的定义
     1>c:\users\dell\desktop\802.11abgn_phy_11a\eitemplate\mainfrm.cpp(1109): warning C4258: “i”: 忽略 For 循环中的定义；使用封闭范围中的定义
                 c:\users\dell\desktop\802.11abgn_phy_11a\eitemplate\mainfrm.cpp(1092) : 忽略“i”的定义
                 c:\users\dell\desktop\802.11abgn_phy_11a\eitemplate\mainfrm.cpp(517) : 使用“i”的定义
     1>c:\users\dell\desktop\802.11abgn_phy_11a\eitemplate\mainfrm.cpp(1109): warning C4258: “i”: 忽略 For 循环中的定义；使用封闭范围中的定义
                 c:\users\dell\desktop\802.11abgn_phy_11a\eitemplate\mainfrm.cpp(1092) : 忽略“i”的定义
                 c:\users\dell\desktop\802.11abgn_phy_11a\eitemplate\mainfrm.cpp(517) : 使用“i”的定义
     1>c:\users\dell\desktop\802.11abgn_phy_11a\eitemplate\mainfrm.cpp(1111): warning C4258: “i”: 忽略 For 循环中的定义；使用封闭范围中的定义
                 c:\users\dell\desktop\802.11abgn_phy_11a\eitemplate\mainfrm.cpp(1092) : 忽略“i”的定义
                 c:\users\dell\desktop\802.11abgn_phy_11a\eitemplate\mainfrm.cpp(517) : 使用“i”的定义
     1>c:\users\dell\desktop\802.11abgn_phy_11a\eitemplate\mainfrm.cpp(1111): warning C4258: “i”: 忽略 For 循环中的定义；使用封闭范围中的定义
                 c:\users\dell\desktop\802.11abgn_phy_11a\eitemplate\mainfrm.cpp(1092) : 忽略“i”的定义
                 c:\users\dell\desktop\802.11abgn_phy_11a\eitemplate\mainfrm.cpp(517) : 使用“i”的定义
     1>c:\users\dell\desktop\802.11abgn_phy_11a\eitemplate\mainfrm.cpp(1211): warning C4244: “=”: 从“double”转换到“LONG”，可能丢失数据
     1>c:\users\dell\desktop\802.11abgn_phy_11a\eitemplate\mainfrm.cpp(1238): warning C4258: “m”: 忽略 For 循环中的定义；使用封闭范围中的定义
                 c:\users\dell\desktop\802.11abgn_phy_11a\eitemplate\mainfrm.cpp(1232) : 忽略“m”的定义
                 c:\users\dell\desktop\802.11abgn_phy_11a\eitemplate\mainfrm.cpp(517) : 使用“m”的定义
     1>c:\users\dell\desktop\802.11abgn_phy_11a\eitemplate\mainfrm.cpp(1238): warning C4258: “m”: 忽略 For 循环中的定义；使用封闭范围中的定义
                 c:\users\dell\desktop\802.11abgn_phy_11a\eitemplate\mainfrm.cpp(1232) : 忽略“m”的定义
                 c:\users\dell\desktop\802.11abgn_phy_11a\eitemplate\mainfrm.cpp(517) : 使用“m”的定义
     1>c:\users\dell\desktop\802.11abgn_phy_11a\eitemplate\mainfrm.cpp(1238): warning C4258: “m”: 忽略 For 循环中的定义；使用封闭范围中的定义
                 c:\users\dell\desktop\802.11abgn_phy_11a\eitemplate\mainfrm.cpp(1232) : 忽略“m”的定义
                 c:\users\dell\desktop\802.11abgn_phy_11a\eitemplate\mainfrm.cpp(517) : 使用“m”的定义
     1>c:\users\dell\desktop\802.11abgn_phy_11a\eitemplate\mainfrm.cpp(1240): warning C4258: “m”: 忽略 For 循环中的定义；使用封闭范围中的定义
                 c:\users\dell\desktop\802.11abgn_phy_11a\eitemplate\mainfrm.cpp(1232) : 忽略“m”的定义
                 c:\users\dell\desktop\802.11abgn_phy_11a\eitemplate\mainfrm.cpp(517) : 使用“m”的定义
     1>c:\users\dell\desktop\802.11abgn_phy_11a\eitemplate\mainfrm.cpp(1240): warning C4258: “m”: 忽略 For 循环中的定义；使用封闭范围中的定义
                 c:\users\dell\desktop\802.11abgn_phy_11a\eitemplate\mainfrm.cpp(1232) : 忽略“m”的定义
                 c:\users\dell\desktop\802.11abgn_phy_11a\eitemplate\mainfrm.cpp(517) : 使用“m”的定义
     1>c:\users\dell\desktop\802.11abgn_phy_11a\eitemplate\mainfrm.cpp(1241): warning C4258: “m”: 忽略 For 循环中的定义；使用封闭范围中的定义
                 c:\users\dell\desktop\802.11abgn_phy_11a\eitemplate\mainfrm.cpp(1232) : 忽略“m”的定义
                 c:\users\dell\desktop\802.11abgn_phy_11a\eitemplate\mainfrm.cpp(517) : 使用“m”的定义
     1>c:\users\dell\desktop\802.11abgn_phy_11a\eitemplate\mainfrm.cpp(1241): warning C4258: “m”: 忽略 For 循环中的定义；使用封闭范围中的定义
                 c:\users\dell\desktop\802.11abgn_phy_11a\eitemplate\mainfrm.cpp(1232) : 忽略“m”的定义
                 c:\users\dell\desktop\802.11abgn_phy_11a\eitemplate\mainfrm.cpp(517) : 使用“m”的定义
     1>c:\users\dell\desktop\802.11abgn_phy_11a\eitemplate\mainfrm.cpp(1241): warning C4244: “=”: 从“double”转换到“LONG”，可能丢失数据
     1>c:\users\dell\desktop\802.11abgn_phy_11a\eitemplate\mainfrm.cpp(1607): warning C4244: “初始化”: 从“double”转换到“int”，可能丢失数据
     1>c:\users\dell\desktop\802.11abgn_phy_11a\eitemplate\mainfrm.cpp(1631): warning C4244: “参数”: 从“double”转换到“int”，可能丢失数据
     1>c:\users\dell\desktop\802.11abgn_phy_11a\eitemplate\mainfrm.cpp(1631): warning C4244: “参数”: 从“double”转换到“int”，可能丢失数据
     1>c:\users\dell\desktop\802.11abgn_phy_11a\eitemplate\mainfrm.cpp(1631): warning C4244: “参数”: 从“double”转换到“int”，可能丢失数据
     1>c:\users\dell\desktop\802.11abgn_phy_11a\eitemplate\mainfrm.cpp(1631): warning C4244: “参数”: 从“double”转换到“int”，可能丢失数据
     1>c:\users\dell\desktop\802.11abgn_phy_11a\eitemplate\mainfrm.cpp(1631): warning C4244: “参数”: 从“double”转换到“int”，可能丢失数据
     1>c:\users\dell\desktop\802.11abgn_phy_11a\eitemplate\mainfrm.cpp(1867): warning C4244: “=”: 从“double”转换到“LONG”，可能丢失数据
     1>c:\users\dell\desktop\802.11abgn_phy_11a\eitemplate\mainfrm.cpp(1894): warning C4244: “=”: 从“double”转换到“LONG”，可能丢失数据
     1>c:\users\dell\desktop\802.11abgn_phy_11a\eitemplate\mainfrm.cpp(1920): warning C4258: “i”: 忽略 For 循环中的定义；使用封闭范围中的定义
                 c:\users\dell\desktop\802.11abgn_phy_11a\eitemplate\mainfrm.cpp(1844) : 忽略“i”的定义
                 c:\users\dell\desktop\802.11abgn_phy_11a\eitemplate\mainfrm.cpp(1528) : 使用“i”的定义
     1>c:\users\dell\desktop\802.11abgn_phy_11a\eitemplate\mainfrm.cpp(1920): warning C4258: “i”: 忽略 For 循环中的定义；使用封闭范围中的定义
                 c:\users\dell\desktop\802.11abgn_phy_11a\eitemplate\mainfrm.cpp(1844) : 忽略“i”的定义
                 c:\users\dell\desktop\802.11abgn_phy_11a\eitemplate\mainfrm.cpp(1528) : 使用“i”的定义
     1>c:\users\dell\desktop\802.11abgn_phy_11a\eitemplate\mainfrm.cpp(1920): warning C4258: “i”: 忽略 For 循环中的定义；使用封闭范围中的定义
                 c:\users\dell\desktop\802.11abgn_phy_11a\eitemplate\mainfrm.cpp(1844) : 忽略“i”的定义
                 c:\users\dell\desktop\802.11abgn_phy_11a\eitemplate\mainfrm.cpp(1528) : 使用“i”的定义
     1>c:\users\dell\desktop\802.11abgn_phy_11a\eitemplate\mainfrm.cpp(1922): warning C4258: “i”: 忽略 For 循环中的定义；使用封闭范围中的定义
                 c:\users\dell\desktop\802.11abgn_phy_11a\eitemplate\mainfrm.cpp(1844) : 忽略“i”的定义
                 c:\users\dell\desktop\802.11abgn_phy_11a\eitemplate\mainfrm.cpp(1528) : 使用“i”的定义
     1>c:\users\dell\desktop\802.11abgn_phy_11a\eitemplate\mainfrm.cpp(1922): warning C4258: “i”: 忽略 For 循环中的定义；使用封闭范围中的定义
                 c:\users\dell\desktop\802.11abgn_phy_11a\eitemplate\mainfrm.cpp(1844) : 忽略“i”的定义
                 c:\users\dell\desktop\802.11abgn_phy_11a\eitemplate\mainfrm.cpp(1528) : 使用“i”的定义
     1>c:\users\dell\desktop\802.11abgn_phy_11a\eitemplate\mainfrm.cpp(1922): warning C4258: “i”: 忽略 For 循环中的定义；使用封闭范围中的定义
                 c:\users\dell\desktop\802.11abgn_phy_11a\eitemplate\mainfrm.cpp(1844) : 忽略“i”的定义
                 c:\users\dell\desktop\802.11abgn_phy_11a\eitemplate\mainfrm.cpp(1528) : 使用“i”的定义
     1>c:\users\dell\desktop\802.11abgn_phy_11a\eitemplate\mainfrm.cpp(1697): warning C4101: “I_data”: 未引用的局部变量
     1>c:\users\dell\desktop\802.11abgn_phy_11a\eitemplate\mainfrm.cpp(2193): warning C4996: 'sprintf': This function or variable may be unsafe. Consider using sprintf_s instead. To disable deprecation, use _CRT_SECURE_NO_WARNINGS. See online help for details.
                 e:\vs2010\vc\include\stdio.h(371) : 参见“sprintf”的声明
     1>c:\users\dell\desktop\802.11abgn_phy_11a\eitemplate\mainfrm.cpp(2218): warning C4996: 'sprintf': This function or variable may be unsafe. Consider using sprintf_s instead. To disable deprecation, use _CRT_SECURE_NO_WARNINGS. See online help for details.
                 e:\vs2010\vc\include\stdio.h(371) : 参见“sprintf”的声明
     1>c:\users\dell\desktop\802.11abgn_phy_11a\eitemplate\mainfrm.cpp(2243): warning C4996: 'sprintf': This function or variable may be unsafe. Consider using sprintf_s instead. To disable deprecation, use _CRT_SECURE_NO_WARNINGS. See online help for details.
                 e:\vs2010\vc\include\stdio.h(371) : 参见“sprintf”的声明
     1>c:\users\dell\desktop\802.11abgn_phy_11a\eitemplate\mainfrm.cpp(2272): warning C4996: 'sprintf': This function or variable may be unsafe. Consider using sprintf_s instead. To disable deprecation, use _CRT_SECURE_NO_WARNINGS. See online help for details.
                 e:\vs2010\vc\include\stdio.h(371) : 参见“sprintf”的声明
     1>c:\users\dell\desktop\802.11abgn_phy_11a\eitemplate\mainfrm.cpp(2278): warning C4996: 'sprintf': This function or variable may be unsafe. Consider using sprintf_s instead. To disable deprecation, use _CRT_SECURE_NO_WARNINGS. See online help for details.
                 e:\vs2010\vc\include\stdio.h(371) : 参见“sprintf”的声明
     1>c:\users\dell\desktop\802.11abgn_phy_11a\eitemplate\mainfrm.cpp(2518): warning C4996: 'strcpy': This function or variable may be unsafe. Consider using strcpy_s instead. To disable deprecation, use _CRT_SECURE_NO_WARNINGS. See online help for details.
                 e:\vs2010\vc\include\string.h(105) : 参见“strcpy”的声明
     1>c:\users\dell\desktop\802.11abgn_phy_11a\eitemplate\mainfrm.cpp(2568): warning C4996: 'sprintf': This function or variable may be unsafe. Consider using sprintf_s instead. To disable deprecation, use _CRT_SECURE_NO_WARNINGS. See online help for details.
                 e:\vs2010\vc\include\stdio.h(371) : 参见“sprintf”的声明
     1>c:\users\dell\desktop\802.11abgn_phy_11a\eitemplate\mainfrm.cpp(2753): warning C4996: 'strcpy': This function or variable may be unsafe. Consider using strcpy_s instead. To disable deprecation, use _CRT_SECURE_NO_WARNINGS. See online help for details.
                 e:\vs2010\vc\include\string.h(105) : 参见“strcpy”的声明
     1>c:\users\dell\desktop\802.11abgn_phy_11a\eitemplate\mainfrm.cpp(2803): warning C4996: 'sprintf': This function or variable may be unsafe. Consider using sprintf_s instead. To disable deprecation, use _CRT_SECURE_NO_WARNINGS. See online help for details.
                 e:\vs2010\vc\include\stdio.h(371) : 参见“sprintf”的声明
     1>c:\users\dell\desktop\802.11abgn_phy_11a\eitemplate\mainfrm.cpp(3243): warning C4996: 'strcpy': This function or variable may be unsafe. Consider using strcpy_s instead. To disable deprecation, use _CRT_SECURE_NO_WARNINGS. See online help for details.
                 e:\vs2010\vc\include\string.h(105) : 参见“strcpy”的声明
     1>c:\users\dell\desktop\802.11abgn_phy_11a\eitemplate\mainfrm.cpp(3293): warning C4996: 'sprintf': This function or variable may be unsafe. Consider using sprintf_s instead. To disable deprecation, use _CRT_SECURE_NO_WARNINGS. See online help for details.
                 e:\vs2010\vc\include\stdio.h(371) : 参见“sprintf”的声明
     1>c:\users\dell\desktop\802.11abgn_phy_11a\eitemplate\mainfrm.cpp(3666): warning C4996: 'itoa': The POSIX name for this item is deprecated. Instead, use the ISO C++ conformant name: _itoa. See online help for details.
                 e:\vs2010\vc\include\stdlib.h(867) : 参见“itoa”的声明
     1>c:\users\dell\desktop\802.11abgn_phy_11a\eitemplate\mainfrm.cpp(3667): warning C4996: 'itoa': The POSIX name for this item is deprecated. Instead, use the ISO C++ conformant name: _itoa. See online help for details.
                 e:\vs2010\vc\include\stdlib.h(867) : 参见“itoa”的声明
     1>c:\users\dell\desktop\802.11abgn_phy_11a\eitemplate\mainfrm.cpp(3668): warning C4996: 'itoa': The POSIX name for this item is deprecated. Instead, use the ISO C++ conformant name: _itoa. See online help for details.
                 e:\vs2010\vc\include\stdlib.h(867) : 参见“itoa”的声明
     1>c:\users\dell\desktop\802.11abgn_phy_11a\eitemplate\mainfrm.cpp(3669): warning C4996: 'itoa': The POSIX name for this item is deprecated. Instead, use the ISO C++ conformant name: _itoa. See online help for details.
                 e:\vs2010\vc\include\stdlib.h(867) : 参见“itoa”的声明
     1>c:\users\dell\desktop\802.11abgn_phy_11a\eitemplate\mainfrm.cpp(3670): warning C4996: 'itoa': The POSIX name for this item is deprecated. Instead, use the ISO C++ conformant name: _itoa. See online help for details.
                 e:\vs2010\vc\include\stdlib.h(867) : 参见“itoa”的声明
     1>c:\users\dell\desktop\802.11abgn_phy_11a\eitemplate\mainfrm.cpp(3671): warning C4996: 'itoa': The POSIX name for this item is deprecated. Instead, use the ISO C++ conformant name: _itoa. See online help for details.
                 e:\vs2010\vc\include\stdlib.h(867) : 参见“itoa”的声明
     1>c:\users\dell\desktop\802.11abgn_phy_11a\eitemplate\mainfrm.cpp(3672): warning C4996: 'itoa': The POSIX name for this item is deprecated. Instead, use the ISO C++ conformant name: _itoa. See online help for details.
                 e:\vs2010\vc\include\stdlib.h(867) : 参见“itoa”的声明
     1>c:\users\dell\desktop\802.11abgn_phy_11a\eitemplate\mainfrm.cpp(3673): warning C4996: 'itoa': The POSIX name for this item is deprecated. Instead, use the ISO C++ conformant name: _itoa. See online help for details.
                 e:\vs2010\vc\include\stdlib.h(867) : 参见“itoa”的声明
     1>c:\users\dell\desktop\802.11abgn_phy_11a\eitemplate\mainfrm.cpp(3675): warning C4996: 'sprintf': This function or variable may be unsafe. Consider using sprintf_s instead. To disable deprecation, use _CRT_SECURE_NO_WARNINGS. See online help for details.
                 e:\vs2010\vc\include\stdio.h(371) : 参见“sprintf”的声明
     1>c:\users\dell\desktop\802.11abgn_phy_11a\eitemplate\mainfrm.cpp(3676): warning C4996: 'sprintf': This function or variable may be unsafe. Consider using sprintf_s instead. To disable deprecation, use _CRT_SECURE_NO_WARNINGS. See online help for details.
                 e:\vs2010\vc\include\stdio.h(371) : 参见“sprintf”的声明
     1>c:\users\dell\desktop\802.11abgn_phy_11a\eitemplate\mainfrm.cpp(3680): warning C4996: 'itoa': The POSIX name for this item is deprecated. Instead, use the ISO C++ conformant name: _itoa. See online help for details.
                 e:\vs2010\vc\include\stdlib.h(867) : 参见“itoa”的声明
     1>c:\users\dell\desktop\802.11abgn_phy_11a\eitemplate\mainfrm.cpp(3681): warning C4996: 'itoa': The POSIX name for this item is deprecated. Instead, use the ISO C++ conformant name: _itoa. See online help for details.
                 e:\vs2010\vc\include\stdlib.h(867) : 参见“itoa”的声明
     1>c:\users\dell\desktop\802.11abgn_phy_11a\eitemplate\mainfrm.cpp(3683): warning C4996: 'sprintf': This function or variable may be unsafe. Consider using sprintf_s instead. To disable deprecation, use _CRT_SECURE_NO_WARNINGS. See online help for details.
                 e:\vs2010\vc\include\stdio.h(371) : 参见“sprintf”的声明
     1>c:\users\dell\desktop\802.11abgn_phy_11a\eitemplate\mainfrm.cpp(3684): warning C4996: 'itoa': The POSIX name for this item is deprecated. Instead, use the ISO C++ conformant name: _itoa. See online help for details.
                 e:\vs2010\vc\include\stdlib.h(867) : 参见“itoa”的声明
     1>c:\users\dell\desktop\802.11abgn_phy_11a\eitemplate\mainfrm.cpp(3685): warning C4996: 'itoa': The POSIX name for this item is deprecated. Instead, use the ISO C++ conformant name: _itoa. See online help for details.
                 e:\vs2010\vc\include\stdlib.h(867) : 参见“itoa”的声明
     1>c:\users\dell\desktop\802.11abgn_phy_11a\eitemplate\mainfrm.cpp(3687): warning C4996: 'sprintf': This function or variable may be unsafe. Consider using sprintf_s instead. To disable deprecation, use _CRT_SECURE_NO_WARNINGS. See online help for details.
                 e:\vs2010\vc\include\stdio.h(371) : 参见“sprintf”的声明
     1>c:\users\dell\desktop\802.11abgn_phy_11a\eitemplate\mainfrm.cpp(3688): warning C4996: 'itoa': The POSIX name for this item is deprecated. Instead, use the ISO C++ conformant name: _itoa. See online help for details.
                 e:\vs2010\vc\include\stdlib.h(867) : 参见“itoa”的声明
     1>c:\users\dell\desktop\802.11abgn_phy_11a\eitemplate\mainfrm.cpp(3689): warning C4996: 'sprintf': This function or variable may be unsafe. Consider using sprintf_s instead. To disable deprecation, use _CRT_SECURE_NO_WARNINGS. See online help for details.
                 e:\vs2010\vc\include\stdio.h(371) : 参见“sprintf”的声明
     1>c:\users\dell\desktop\802.11abgn_phy_11a\eitemplate\mainfrm.cpp(3690): warning C4996: 'itoa': The POSIX name for this item is deprecated. Instead, use the ISO C++ conformant name: _itoa. See online help for details.
                 e:\vs2010\vc\include\stdlib.h(867) : 参见“itoa”的声明
     1>c:\users\dell\desktop\802.11abgn_phy_11a\eitemplate\mainfrm.cpp(3691): warning C4996: 'sprintf': This function or variable may be unsafe. Consider using sprintf_s instead. To disable deprecation, use _CRT_SECURE_NO_WARNINGS. See online help for details.
                 e:\vs2010\vc\include\stdio.h(371) : 参见“sprintf”的声明
     1>c:\users\dell\desktop\802.11abgn_phy_11a\eitemplate\mainfrm.cpp(3692): warning C4996: 'itoa': The POSIX name for this item is deprecated. Instead, use the ISO C++ conformant name: _itoa. See online help for details.
                 e:\vs2010\vc\include\stdlib.h(867) : 参见“itoa”的声明
     1>c:\users\dell\desktop\802.11abgn_phy_11a\eitemplate\mainfrm.cpp(3704): warning C4996: 'itoa': The POSIX name for this item is deprecated. Instead, use the ISO C++ conformant name: _itoa. See online help for details.
                 e:\vs2010\vc\include\stdlib.h(867) : 参见“itoa”的声明
     1>c:\users\dell\desktop\802.11abgn_phy_11a\eitemplate\mainfrm.cpp(3705): warning C4996: 'itoa': The POSIX name for this item is deprecated. Instead, use the ISO C++ conformant name: _itoa. See online help for details.
                 e:\vs2010\vc\include\stdlib.h(867) : 参见“itoa”的声明
     1>c:\users\dell\desktop\802.11abgn_phy_11a\eitemplate\mainfrm.cpp(3706): warning C4996: 'itoa': The POSIX name for this item is deprecated. Instead, use the ISO C++ conformant name: _itoa. See online help for details.
                 e:\vs2010\vc\include\stdlib.h(867) : 参见“itoa”的声明
     1>c:\users\dell\desktop\802.11abgn_phy_11a\eitemplate\mainfrm.cpp(3707): warning C4996: 'itoa': The POSIX name for this item is deprecated. Instead, use the ISO C++ conformant name: _itoa. See online help for details.
                 e:\vs2010\vc\include\stdlib.h(867) : 参见“itoa”的声明
     1>c:\users\dell\desktop\802.11abgn_phy_11a\eitemplate\mainfrm.cpp(3708): warning C4996: 'itoa': The POSIX name for this item is deprecated. Instead, use the ISO C++ conformant name: _itoa. See online help for details.
                 e:\vs2010\vc\include\stdlib.h(867) : 参见“itoa”的声明
     1>c:\users\dell\desktop\802.11abgn_phy_11a\eitemplate\mainfrm.cpp(3709): warning C4996: 'itoa': The POSIX name for this item is deprecated. Instead, use the ISO C++ conformant name: _itoa. See online help for details.
                 e:\vs2010\vc\include\stdlib.h(867) : 参见“itoa”的声明
     1>c:\users\dell\desktop\802.11abgn_phy_11a\eitemplate\mainfrm.cpp(3710): warning C4996: 'itoa': The POSIX name for this item is deprecated. Instead, use the ISO C++ conformant name: _itoa. See online help for details.
                 e:\vs2010\vc\include\stdlib.h(867) : 参见“itoa”的声明
     1>c:\users\dell\desktop\802.11abgn_phy_11a\eitemplate\mainfrm.cpp(3711): warning C4996: 'itoa': The POSIX name for this item is deprecated. Instead, use the ISO C++ conformant name: _itoa. See online help for details.
                 e:\vs2010\vc\include\stdlib.h(867) : 参见“itoa”的声明
     1>c:\users\dell\desktop\802.11abgn_phy_11a\eitemplate\mainfrm.cpp(3714): warning C4996: 'itoa': The POSIX name for this item is deprecated. Instead, use the ISO C++ conformant name: _itoa. See online help for details.
                 e:\vs2010\vc\include\stdlib.h(867) : 参见“itoa”的声明
     1>c:\users\dell\desktop\802.11abgn_phy_11a\eitemplate\mainfrm.cpp(3717): warning C4996: 'sprintf': This function or variable may be unsafe. Consider using sprintf_s instead. To disable deprecation, use _CRT_SECURE_NO_WARNINGS. See online help for details.
                 e:\vs2010\vc\include\stdio.h(371) : 参见“sprintf”的声明
     1>c:\users\dell\desktop\802.11abgn_phy_11a\eitemplate\mainfrm.cpp(3718): warning C4996: 'sprintf': This function or variable may be unsafe. Consider using sprintf_s instead. To disable deprecation, use _CRT_SECURE_NO_WARNINGS. See online help for details.
                 e:\vs2010\vc\include\stdio.h(371) : 参见“sprintf”的声明
     1>c:\users\dell\desktop\802.11abgn_phy_11a\eitemplate\mainfrm.cpp(3722): warning C4996: 'itoa': The POSIX name for this item is deprecated. Instead, use the ISO C++ conformant name: _itoa. See online help for details.
                 e:\vs2010\vc\include\stdlib.h(867) : 参见“itoa”的声明
     1>c:\users\dell\desktop\802.11abgn_phy_11a\eitemplate\mainfrm.cpp(3723): warning C4996: 'itoa': The POSIX name for this item is deprecated. Instead, use the ISO C++ conformant name: _itoa. See online help for details.
                 e:\vs2010\vc\include\stdlib.h(867) : 参见“itoa”的声明
     1>c:\users\dell\desktop\802.11abgn_phy_11a\eitemplate\mainfrm.cpp(3725): warning C4996: 'sprintf': This function or variable may be unsafe. Consider using sprintf_s instead. To disable deprecation, use _CRT_SECURE_NO_WARNINGS. See online help for details.
                 e:\vs2010\vc\include\stdio.h(371) : 参见“sprintf”的声明
     1>c:\users\dell\desktop\802.11abgn_phy_11a\eitemplate\mainfrm.cpp(3729): warning C4996: 'sprintf': This function or variable may be unsafe. Consider using sprintf_s instead. To disable deprecation, use _CRT_SECURE_NO_WARNINGS. See online help for details.
                 e:\vs2010\vc\include\stdio.h(371) : 参见“sprintf”的声明
     1>c:\users\dell\desktop\802.11abgn_phy_11a\eitemplate\mainfrm.cpp(3730): warning C4996: 'itoa': The POSIX name for this item is deprecated. Instead, use the ISO C++ conformant name: _itoa. See online help for details.
                 e:\vs2010\vc\include\stdlib.h(867) : 参见“itoa”的声明
     1>c:\users\dell\desktop\802.11abgn_phy_11a\eitemplate\mainfrm.cpp(3731): warning C4996: 'sprintf': This function or variable may be unsafe. Consider using sprintf_s instead. To disable deprecation, use _CRT_SECURE_NO_WARNINGS. See online help for details.
                 e:\vs2010\vc\include\stdio.h(371) : 参见“sprintf”的声明
     1>c:\users\dell\desktop\802.11abgn_phy_11a\eitemplate\mainfrm.cpp(3732): warning C4996: 'itoa': The POSIX name for this item is deprecated. Instead, use the ISO C++ conformant name: _itoa. See online help for details.
                 e:\vs2010\vc\include\stdlib.h(867) : 参见“itoa”的声明
     1>c:\users\dell\desktop\802.11abgn_phy_11a\eitemplate\mainfrm.cpp(3733): warning C4996: 'sprintf': This function or variable may be unsafe. Consider using sprintf_s instead. To disable deprecation, use _CRT_SECURE_NO_WARNINGS. See online help for details.
                 e:\vs2010\vc\include\stdio.h(371) : 参见“sprintf”的声明
     1>c:\users\dell\desktop\802.11abgn_phy_11a\eitemplate\mainfrm.cpp(3734): warning C4996: 'itoa': The POSIX name for this item is deprecated. Instead, use the ISO C++ conformant name: _itoa. See online help for details.
                 e:\vs2010\vc\include\stdlib.h(867) : 参见“itoa”的声明
     1>c:\users\dell\desktop\802.11abgn_phy_11a\eitemplate\mainfrm.cpp(3746): warning C4996: 'itoa': The POSIX name for this item is deprecated. Instead, use the ISO C++ conformant name: _itoa. See online help for details.
                 e:\vs2010\vc\include\stdlib.h(867) : 参见“itoa”的声明
     1>c:\users\dell\desktop\802.11abgn_phy_11a\eitemplate\mainfrm.cpp(3747): warning C4996: 'itoa': The POSIX name for this item is deprecated. Instead, use the ISO C++ conformant name: _itoa. See online help for details.
                 e:\vs2010\vc\include\stdlib.h(867) : 参见“itoa”的声明
     1>c:\users\dell\desktop\802.11abgn_phy_11a\eitemplate\mainfrm.cpp(3748): warning C4996: 'itoa': The POSIX name for this item is deprecated. Instead, use the ISO C++ conformant name: _itoa. See online help for details.
                 e:\vs2010\vc\include\stdlib.h(867) : 参见“itoa”的声明
     1>c:\users\dell\desktop\802.11abgn_phy_11a\eitemplate\mainfrm.cpp(3749): warning C4996: 'itoa': The POSIX name for this item is deprecated. Instead, use the ISO C++ conformant name: _itoa. See online help for details.
                 e:\vs2010\vc\include\stdlib.h(867) : 参见“itoa”的声明
     1>c:\users\dell\desktop\802.11abgn_phy_11a\eitemplate\mainfrm.cpp(3750): warning C4996: 'itoa': The POSIX name for this item is deprecated. Instead, use the ISO C++ conformant name: _itoa. See online help for details.
                 e:\vs2010\vc\include\stdlib.h(867) : 参见“itoa”的声明
     1>c:\users\dell\desktop\802.11abgn_phy_11a\eitemplate\mainfrm.cpp(3751): warning C4996: 'itoa': The POSIX name for this item is deprecated. Instead, use the ISO C++ conformant name: _itoa. See online help for details.
                 e:\vs2010\vc\include\stdlib.h(867) : 参见“itoa”的声明
     1>c:\users\dell\desktop\802.11abgn_phy_11a\eitemplate\mainfrm.cpp(3752): warning C4996: 'itoa': The POSIX name for this item is deprecated. Instead, use the ISO C++ conformant name: _itoa. See online help for details.
                 e:\vs2010\vc\include\stdlib.h(867) : 参见“itoa”的声明
     1>c:\users\dell\desktop\802.11abgn_phy_11a\eitemplate\mainfrm.cpp(3753): warning C4996: 'itoa': The POSIX name for this item is deprecated. Instead, use the ISO C++ conformant name: _itoa. See online help for details.
                 e:\vs2010\vc\include\stdlib.h(867) : 参见“itoa”的声明
     1>c:\users\dell\desktop\802.11abgn_phy_11a\eitemplate\mainfrm.cpp(3756): warning C4996: 'itoa': The POSIX name for this item is deprecated. Instead, use the ISO C++ conformant name: _itoa. See online help for details.
                 e:\vs2010\vc\include\stdlib.h(867) : 参见“itoa”的声明
     1>c:\users\dell\desktop\802.11abgn_phy_11a\eitemplate\mainfrm.cpp(3757): warning C4996: 'itoa': The POSIX name for this item is deprecated. Instead, use the ISO C++ conformant name: _itoa. See online help for details.
                 e:\vs2010\vc\include\stdlib.h(867) : 参见“itoa”的声明
     1>c:\users\dell\desktop\802.11abgn_phy_11a\eitemplate\mainfrm.cpp(3759): warning C4996: 'sprintf': This function or variable may be unsafe. Consider using sprintf_s instead. To disable deprecation, use _CRT_SECURE_NO_WARNINGS. See online help for details.
                 e:\vs2010\vc\include\stdio.h(371) : 参见“sprintf”的声明
     1>c:\users\dell\desktop\802.11abgn_phy_11a\eitemplate\mainfrm.cpp(3760): warning C4996: 'sprintf': This function or variable may be unsafe. Consider using sprintf_s instead. To disable deprecation, use _CRT_SECURE_NO_WARNINGS. See online help for details.
                 e:\vs2010\vc\include\stdio.h(371) : 参见“sprintf”的声明
     1>c:\users\dell\desktop\802.11abgn_phy_11a\eitemplate\mainfrm.cpp(3764): warning C4996: 'itoa': The POSIX name for this item is deprecated. Instead, use the ISO C++ conformant name: _itoa. See online help for details.
                 e:\vs2010\vc\include\stdlib.h(867) : 参见“itoa”的声明
     1>c:\users\dell\desktop\802.11abgn_phy_11a\eitemplate\mainfrm.cpp(3765): warning C4996: 'itoa': The POSIX name for this item is deprecated. Instead, use the ISO C++ conformant name: _itoa. See online help for details.
                 e:\vs2010\vc\include\stdlib.h(867) : 参见“itoa”的声明
     1>c:\users\dell\desktop\802.11abgn_phy_11a\eitemplate\mainfrm.cpp(3767): warning C4996: 'sprintf': This function or variable may be unsafe. Consider using sprintf_s instead. To disable deprecation, use _CRT_SECURE_NO_WARNINGS. See online help for details.
                 e:\vs2010\vc\include\stdio.h(371) : 参见“sprintf”的声明
     1>c:\users\dell\desktop\802.11abgn_phy_11a\eitemplate\mainfrm.cpp(3771): warning C4996: 'sprintf': This function or variable may be unsafe. Consider using sprintf_s instead. To disable deprecation, use _CRT_SECURE_NO_WARNINGS. See online help for details.
                 e:\vs2010\vc\include\stdio.h(371) : 参见“sprintf”的声明
     1>c:\users\dell\desktop\802.11abgn_phy_11a\eitemplate\mainfrm.cpp(3772): warning C4996: 'itoa': The POSIX name for this item is deprecated. Instead, use the ISO C++ conformant name: _itoa. See online help for details.
                 e:\vs2010\vc\include\stdlib.h(867) : 参见“itoa”的声明
     1>c:\users\dell\desktop\802.11abgn_phy_11a\eitemplate\mainfrm.cpp(3773): warning C4996: 'sprintf': This function or variable may be unsafe. Consider using sprintf_s instead. To disable deprecation, use _CRT_SECURE_NO_WARNINGS. See online help for details.
                 e:\vs2010\vc\include\stdio.h(371) : 参见“sprintf”的声明
     1>c:\users\dell\desktop\802.11abgn_phy_11a\eitemplate\mainfrm.cpp(3774): warning C4996: 'itoa': The POSIX name for this item is deprecated. Instead, use the ISO C++ conformant name: _itoa. See online help for details.
                 e:\vs2010\vc\include\stdlib.h(867) : 参见“itoa”的声明
     1>c:\users\dell\desktop\802.11abgn_phy_11a\eitemplate\mainfrm.cpp(3775): warning C4996: 'sprintf': This function or variable may be unsafe. Consider using sprintf_s instead. To disable deprecation, use _CRT_SECURE_NO_WARNINGS. See online help for details.
                 e:\vs2010\vc\include\stdio.h(371) : 参见“sprintf”的声明
     1>c:\users\dell\desktop\802.11abgn_phy_11a\eitemplate\mainfrm.cpp(3776): warning C4996: 'itoa': The POSIX name for this item is deprecated. Instead, use the ISO C++ conformant name: _itoa. See online help for details.
                 e:\vs2010\vc\include\stdlib.h(867) : 参见“itoa”的声明
     1>c:\users\dell\desktop\802.11abgn_phy_11a\eitemplate\mainfrm.cpp(3788): warning C4996: 'itoa': The POSIX name for this item is deprecated. Instead, use the ISO C++ conformant name: _itoa. See online help for details.
                 e:\vs2010\vc\include\stdlib.h(867) : 参见“itoa”的声明
     1>c:\users\dell\desktop\802.11abgn_phy_11a\eitemplate\mainfrm.cpp(3790): warning C4996: 'itoa': The POSIX name for this item is deprecated. Instead, use the ISO C++ conformant name: _itoa. See online help for details.
                 e:\vs2010\vc\include\stdlib.h(867) : 参见“itoa”的声明
     1>c:\users\dell\desktop\802.11abgn_phy_11a\eitemplate\mainfrm.cpp(3791): warning C4996: 'itoa': The POSIX name for this item is deprecated. Instead, use the ISO C++ conformant name: _itoa. See online help for details.
                 e:\vs2010\vc\include\stdlib.h(867) : 参见“itoa”的声明
     1>c:\users\dell\desktop\802.11abgn_phy_11a\eitemplate\mainfrm.cpp(3792): warning C4996: 'itoa': The POSIX name for this item is deprecated. Instead, use the ISO C++ conformant name: _itoa. See online help for details.
                 e:\vs2010\vc\include\stdlib.h(867) : 参见“itoa”的声明
     1>c:\users\dell\desktop\802.11abgn_phy_11a\eitemplate\mainfrm.cpp(3793): warning C4996: 'itoa': The POSIX name for this item is deprecated. Instead, use the ISO C++ conformant name: _itoa. See online help for details.
                 e:\vs2010\vc\include\stdlib.h(867) : 参见“itoa”的声明
     1>c:\users\dell\desktop\802.11abgn_phy_11a\eitemplate\mainfrm.cpp(3794): warning C4996: 'itoa': The POSIX name for this item is deprecated. Instead, use the ISO C++ conformant name: _itoa. See online help for details.
                 e:\vs2010\vc\include\stdlib.h(867) : 参见“itoa”的声明
     1>c:\users\dell\desktop\802.11abgn_phy_11a\eitemplate\mainfrm.cpp(3795): warning C4996: 'itoa': The POSIX name for this item is deprecated. Instead, use the ISO C++ conformant name: _itoa. See online help for details.
                 e:\vs2010\vc\include\stdlib.h(867) : 参见“itoa”的声明
     1>c:\users\dell\desktop\802.11abgn_phy_11a\eitemplate\mainfrm.cpp(3796): warning C4996: 'itoa': The POSIX name for this item is deprecated. Instead, use the ISO C++ conformant name: _itoa. See online help for details.
                 e:\vs2010\vc\include\stdlib.h(867) : 参见“itoa”的声明
     1>c:\users\dell\desktop\802.11abgn_phy_11a\eitemplate\mainfrm.cpp(3797): warning C4996: 'itoa': The POSIX name for this item is deprecated. Instead, use the ISO C++ conformant name: _itoa. See online help for details.
                 e:\vs2010\vc\include\stdlib.h(867) : 参见“itoa”的声明
     1>c:\users\dell\desktop\802.11abgn_phy_11a\eitemplate\mainfrm.cpp(3798): warning C4996: 'itoa': The POSIX name for this item is deprecated. Instead, use the ISO C++ conformant name: _itoa. See online help for details.
                 e:\vs2010\vc\include\stdlib.h(867) : 参见“itoa”的声明
     1>c:\users\dell\desktop\802.11abgn_phy_11a\eitemplate\mainfrm.cpp(3799): warning C4996: 'itoa': The POSIX name for this item is deprecated. Instead, use the ISO C++ conformant name: _itoa. See online help for details.
                 e:\vs2010\vc\include\stdlib.h(867) : 参见“itoa”的声明
     1>c:\users\dell\desktop\802.11abgn_phy_11a\eitemplate\mainfrm.cpp(3800): warning C4996: 'itoa': The POSIX name for this item is deprecated. Instead, use the ISO C++ conformant name: _itoa. See online help for details.
                 e:\vs2010\vc\include\stdlib.h(867) : 参见“itoa”的声明
     1>c:\users\dell\desktop\802.11abgn_phy_11a\eitemplate\mainfrm.cpp(3801): warning C4996: 'itoa': The POSIX name for this item is deprecated. Instead, use the ISO C++ conformant name: _itoa. See online help for details.
                 e:\vs2010\vc\include\stdlib.h(867) : 参见“itoa”的声明
     1>c:\users\dell\desktop\802.11abgn_phy_11a\eitemplate\mainfrm.cpp(3802): warning C4996: 'itoa': The POSIX name for this item is deprecated. Instead, use the ISO C++ conformant name: _itoa. See online help for details.
                 e:\vs2010\vc\include\stdlib.h(867) : 参见“itoa”的声明
     1>c:\users\dell\desktop\802.11abgn_phy_11a\eitemplate\mainfrm.cpp(3803): warning C4996: 'itoa': The POSIX name for this item is deprecated. Instead, use the ISO C++ conformant name: _itoa. See online help for details.
                 e:\vs2010\vc\include\stdlib.h(867) : 参见“itoa”的声明
     1>c:\users\dell\desktop\802.11abgn_phy_11a\eitemplate\mainfrm.cpp(3805): warning C4996: 'itoa': The POSIX name for this item is deprecated. Instead, use the ISO C++ conformant name: _itoa. See online help for details.
                 e:\vs2010\vc\include\stdlib.h(867) : 参见“itoa”的声明
     1>c:\users\dell\desktop\802.11abgn_phy_11a\eitemplate\mainfrm.cpp(3806): warning C4996: 'itoa': The POSIX name for this item is deprecated. Instead, use the ISO C++ conformant name: _itoa. See online help for details.
                 e:\vs2010\vc\include\stdlib.h(867) : 参见“itoa”的声明
     1>c:\users\dell\desktop\802.11abgn_phy_11a\eitemplate\mainfrm.cpp(3809): warning C4996: 'itoa': The POSIX name for this item is deprecated. Instead, use the ISO C++ conformant name: _itoa. See online help for details.
                 e:\vs2010\vc\include\stdlib.h(867) : 参见“itoa”的声明
     1>c:\users\dell\desktop\802.11abgn_phy_11a\eitemplate\mainfrm.cpp(3810): warning C4996: 'itoa': The POSIX name for this item is deprecated. Instead, use the ISO C++ conformant name: _itoa. See online help for details.
                 e:\vs2010\vc\include\stdlib.h(867) : 参见“itoa”的声明
     1>c:\users\dell\desktop\802.11abgn_phy_11a\eitemplate\mainfrm.cpp(3812): warning C4996: 'sprintf': This function or variable may be unsafe. Consider using sprintf_s instead. To disable deprecation, use _CRT_SECURE_NO_WARNINGS. See online help for details.
                 e:\vs2010\vc\include\stdio.h(371) : 参见“sprintf”的声明
     1>c:\users\dell\desktop\802.11abgn_phy_11a\eitemplate\mainfrm.cpp(3813): warning C4996: 'sprintf': This function or variable may be unsafe. Consider using sprintf_s instead. To disable deprecation, use _CRT_SECURE_NO_WARNINGS. See online help for details.
                 e:\vs2010\vc\include\stdio.h(371) : 参见“sprintf”的声明
     1>c:\users\dell\desktop\802.11abgn_phy_11a\eitemplate\mainfrm.cpp(3822): warning C4996: 'sprintf': This function or variable may be unsafe. Consider using sprintf_s instead. To disable deprecation, use _CRT_SECURE_NO_WARNINGS. See online help for details.
                 e:\vs2010\vc\include\stdio.h(371) : 参见“sprintf”的声明
     1>c:\users\dell\desktop\802.11abgn_phy_11a\eitemplate\mainfrm.cpp(3826): warning C4996: 'sprintf': This function or variable may be unsafe. Consider using sprintf_s instead. To disable deprecation, use _CRT_SECURE_NO_WARNINGS. See online help for details.
                 e:\vs2010\vc\include\stdio.h(371) : 参见“sprintf”的声明
     1>c:\users\dell\desktop\802.11abgn_phy_11a\eitemplate\mainfrm.cpp(3827): warning C4996: 'itoa': The POSIX name for this item is deprecated. Instead, use the ISO C++ conformant name: _itoa. See online help for details.
                 e:\vs2010\vc\include\stdlib.h(867) : 参见“itoa”的声明
     1>c:\users\dell\desktop\802.11abgn_phy_11a\eitemplate\mainfrm.cpp(3828): warning C4996: 'sprintf': This function or variable may be unsafe. Consider using sprintf_s instead. To disable deprecation, use _CRT_SECURE_NO_WARNINGS. See online help for details.
                 e:\vs2010\vc\include\stdio.h(371) : 参见“sprintf”的声明
     1>c:\users\dell\desktop\802.11abgn_phy_11a\eitemplate\mainfrm.cpp(3829): warning C4996: 'itoa': The POSIX name for this item is deprecated. Instead, use the ISO C++ conformant name: _itoa. See online help for details.
                 e:\vs2010\vc\include\stdlib.h(867) : 参见“itoa”的声明
     1>c:\users\dell\desktop\802.11abgn_phy_11a\eitemplate\mainfrm.cpp(3830): warning C4996: 'sprintf': This function or variable may be unsafe. Consider using sprintf_s instead. To disable deprecation, use _CRT_SECURE_NO_WARNINGS. See online help for details.
                 e:\vs2010\vc\include\stdio.h(371) : 参见“sprintf”的声明
     1>c:\users\dell\desktop\802.11abgn_phy_11a\eitemplate\mainfrm.cpp(3831): warning C4996: 'itoa': The POSIX name for this item is deprecated. Instead, use the ISO C++ conformant name: _itoa. See online help for details.
                 e:\vs2010\vc\include\stdlib.h(867) : 参见“itoa”的声明
     1>c:\users\dell\desktop\802.11abgn_phy_11a\eitemplate\rapidxml\rapidxml_utils.hpp(40): warning C4244: “初始化”: 从“std::streamoff”转换到“size_t”，可能丢失数据
                 c:\users\dell\desktop\802.11abgn_phy_11a\eitemplate\rapidxml\rapidxml_utils.hpp(28): 编译类 模板 成员函数“rapidxml::file<>::file(const char *)”时
                 c:\users\dell\desktop\802.11abgn_phy_11a\eitemplate\mainfrm.cpp(2415): 参见对正在编译的类 模板 实例化“rapidxml::file<>”的引用
       ResourceCompile:
         所有输出均为最新。
       Link:
         e:\vs2010\VC\bin\link.exe /ERRORREPORT:PROMPT /OUT:"C:\Users\dell\Desktop\802.11abgn_phy_11a\Debug\eiTemplate.exe" /INCREMENTAL /NOLOGO visa32.lib htmlhelp.lib /MANIFEST /ManifestFile:"Debug\eiTemplate.exe.intermediate.manifest" /MANIFESTUAC:"level='asInvoker' uiAccess='false'" /DEBUG /PDB:"C:\Users\dell\Desktop\802.11abgn_phy_11a\Debug\eiTemplate.pdb" /SUBSYSTEM:WINDOWS /TLBID:1 /DYNAMICBASE /NXCOMPAT /IMPLIB:"C:\Users\dell\Desktop\802.11abgn_phy_11a\Debug\eiTemplate.lib" /MACHINE:X86 Debug\eiTemplate.res
         Debug\C.obj
         Debug\Cframe.obj
         Debug\CframeB.obj
         Debug\CframeConfig.obj
         Debug\CframeconfigB.obj
         Debug\CframeconfigG.obj
         Debug\CframeG.obj
         Debug\CframeGeneralB.obj
         Debug\CframeGeneralG.obj
         Debug\crc16.obj
         Debug\eiTemplate.obj
         Debug\eiTemplateDoc.obj
         Debug\eiTemplateView.obj
         Debug\FrameGeneral.obj
         Debug\func.obj
         Debug\GraphCCDF.obj
         Debug\GraphWAVE.obj
         Debug\SignalSource.obj
         Debug\MainFrm.obj
         Debug\MPDUGeneral.obj
         Debug\MySplitterWnd.obj
         Debug\ProtocolA.obj
         Debug\complex.obj
         Debug\ieee802.11b.obj
         Debug\ProtocolB.obj
         Debug\ProtocolG.obj
         Debug\applyLdpcEnc_ac.obj
         Debug\bcc_encoder.obj
         Debug\bitrev.obj
         Debug\constants_def.obj
         Debug\conve.obj
         Debug\crc32.obj
         Debug\crc8.obj
         Debug\cshifts.obj
         Debug\DataSym.obj
         Debug\fcycdel_g.obj
         Debug\fd2td_g.obj
         Debug\InterfaceClass.obj
         Debug\interleave_n.obj
         Debug\ldpc_encoder.obj
         Debug\ldpc_encpara_g.obj
         Debug\mcs_tbl_ac.obj
         Debug\parityMatrixGen.obj
         Debug\pilot_map.obj
         Debug\pilot_seq.obj
         Debug\preambleFunc.obj
         Debug\qam_map.obj
         Debug\qam_map256.obj
         Debug\scramble.obj
         Debug\segment_parser.obj
         Debug\stream_parser.obj
         Debug\transform_bits_num.obj
         Debug\txSymbolAssembly.obj
         Debug\wlan_consts_valueEXTERN.obj
         Debug\wlan_txparam.obj
         Debug\scale.obj
         Debug\Splash.obj
         Debug\stdafx.obj
         Debug\SysConfigWizard.obj
         Debug\SysConfigWizardStep1.obj
         Debug\SysConfigWizardStep2.obj
         Debug\SysConfigWizardStep3.obj
         Debug\SysConfigWizardStep3ViewDetail.obj
         Debug\SysConfigWizardStep4.obj
         Debug\SysConfigWizardStep5.obj
         Debug\SysConfigWizardStep6.obj
         Debug\TabCarrier.obj
         Debug\TabInstrument.obj
         Debug\TabMac.obj
         Debug\TabParent.obj
         Debug\TabProtocolConfig.obj
         Debug\W.obj
         eiTemplate.vcxproj -> C:\Users\dell\Desktop\802.11abgn_phy_11a\Debug\eiTemplate.exe
       Manifest:
         C:\Program Files (x86)\Microsoft SDKs\Windows\v7.0A\bin\mt.exe /nologo /verbose /out:"C:\Users\dell\Desktop\802.11abgn_phy_11a\Debug\eiTemplate.exe.manifest" /manifest Debug\eiTemplate.exe.intermediate.manifest e:\vs2010\VC\Include\Manifest\dpiaware.manifest
       FinalizeBuildStatus:
         正在删除文件“Debug\eiTemplate.unsuccessfulbuild”。
         正在对“Debug\eiTemplate.lastbuildstate”执行 Touch 任务。
     1>已完成生成项目“C:\Users\dell\Desktop\802.11abgn_phy_11a\eiTemplate\eiTemplate.vcxproj”(build 个目标)的操作。

生成成功。

已用时间 00:00:03.77
