C:\USERS\LENNVO\DESKTOP\11ABGN\EITEMPLATE\RELEASE\802_16_E.OBJ
C:\USERS\LENNVO\DESKTOP\11ABGN\EITEMPLATE\RELEASE\APPLYLDPCENC_AC.OBJ
C:\USERS\LENNVO\DESKTOP\11ABGN\EITEMPLATE\RELEASE\BCC_ENCODER.OBJ
C:\USERS\LENNVO\DESKTOP\11ABGN\EITEMPLATE\RELEASE\BITREV.OBJ
C:\USERS\LENNVO\DESKTOP\11ABGN\EITEMPLATE\RELEASE\C.OBJ
C:\USERS\LENNVO\DESKTOP\11ABGN\EITEMPLATE\RELEASE\COMPLEX.OBJ
C:\USERS\LENNVO\DESKTOP\11ABGN\EITEMPLATE\RELEASE\CONSTANTS_DEF.OBJ
C:\USERS\LENNVO\DESKTOP\11ABGN\EITEMPLATE\RELEASE\CONVE.OBJ
C:\USERS\LENNVO\DESKTOP\11ABGN\EITEMPLATE\RELEASE\CRC16.OBJ
C:\USERS\LENNVO\DESKTOP\11ABGN\EITEMPLATE\RELEASE\CRC32.OBJ
C:\USERS\LENNVO\DESKTOP\11ABGN\EITEMPLATE\RELEASE\CRC8.OBJ
C:\USERS\LENNVO\DESKTOP\11ABGN\EITEMPLATE\RELEASE\CSHIFTS.OBJ
C:\USERS\LENNVO\DESKTOP\11ABGN\EITEMPLATE\RELEASE\DATASYM.OBJ
C:\USERS\LENNVO\DESKTOP\11ABGN\EITEMPLATE\RELEASE\EITEMPLATE.OBJ
C:\USERS\LENNVO\DESKTOP\11ABGN\EITEMPLATE\RELEASE\EITEMPLATE.PCH
C:\USERS\LENNVO\DESKTOP\11ABGN\EITEMPLATE\RELEASE\EITEMPLATE.RES
C:\USERS\LENNVO\DESKTOP\11ABGN\EITEMPLATE\RELEASE\EITEMPLATEDOC.OBJ
C:\USERS\LENNVO\DESKTOP\11ABGN\EITEMPLATE\RELEASE\EITEMPLATEVIEW.OBJ
C:\USERS\LENNVO\DESKTOP\11ABGN\EITEMPLATE\RELEASE\FCYCDEL_G.OBJ
C:\USERS\LENNVO\DESKTOP\11ABGN\EITEMPLATE\RELEASE\FD2TD_G.OBJ
C:\USERS\LENNVO\DESKTOP\11ABGN\EITEMPLATE\RELEASE\FUNC.OBJ
C:\USERS\LENNVO\DESKTOP\11ABGN\EITEMPLATE\RELEASE\GRAPHCCDF.OBJ
C:\USERS\LENNVO\DESKTOP\11ABGN\EITEMPLATE\RELEASE\GRAPHWAVE.OBJ
C:\USERS\LENNVO\DESKTOP\11ABGN\EITEMPLATE\RELEASE\IEEE802.11B.OBJ
C:\USERS\LENNVO\DESKTOP\11ABGN\EITEMPLATE\RELEASE\INTERFACECLASS.OBJ
C:\USERS\LENNVO\DESKTOP\11ABGN\EITEMPLATE\RELEASE\INTERLEAVE_N.OBJ
C:\USERS\LENNVO\DESKTOP\11ABGN\EITEMPLATE\RELEASE\LDPC_ENCODER.OBJ
C:\USERS\LENNVO\DESKTOP\11ABGN\EITEMPLATE\RELEASE\LDPC_ENCPARA_G.OBJ
C:\USERS\LENNVO\DESKTOP\11ABGN\EITEMPLATE\RELEASE\MAINFRM.OBJ
C:\USERS\LENNVO\DESKTOP\11ABGN\EITEMPLATE\RELEASE\MCS_TBL_AC.OBJ
C:\USERS\LENNVO\DESKTOP\11ABGN\EITEMPLATE\RELEASE\MYSPLITTERWND.OBJ
C:\USERS\LENNVO\DESKTOP\11ABGN\EITEMPLATE\RELEASE\PARITYMATRIXGEN.OBJ
C:\USERS\LENNVO\DESKTOP\11ABGN\EITEMPLATE\RELEASE\PILOT_MAP.OBJ
C:\USERS\LENNVO\DESKTOP\11ABGN\EITEMPLATE\RELEASE\PILOT_SEQ.OBJ
C:\USERS\LENNVO\DESKTOP\11ABGN\EITEMPLATE\RELEASE\PREAMBLEFUNC.OBJ
C:\USERS\LENNVO\DESKTOP\11ABGN\EITEMPLATE\RELEASE\PROTOCOLA.OBJ
C:\USERS\LENNVO\DESKTOP\11ABGN\EITEMPLATE\RELEASE\PROTOCOLB.OBJ
C:\USERS\LENNVO\DESKTOP\11ABGN\EITEMPLATE\RELEASE\PROTOCOLG.OBJ
C:\USERS\LENNVO\DESKTOP\11ABGN\EITEMPLATE\RELEASE\QAM_MAP.OBJ
C:\USERS\LENNVO\DESKTOP\11ABGN\EITEMPLATE\RELEASE\QAM_MAP256.OBJ
C:\USERS\LENNVO\DESKTOP\11ABGN\EITEMPLATE\RELEASE\SCRAMBLE.OBJ
C:\USERS\LENNVO\DESKTOP\11ABGN\EITEMPLATE\RELEASE\SEGMENT_PARSER.OBJ
C:\USERS\LENNVO\DESKTOP\11ABGN\EITEMPLATE\RELEASE\SPLASH.OBJ
C:\USERS\LENNVO\DESKTOP\11ABGN\EITEMPLATE\RELEASE\STDAFX.OBJ
C:\USERS\LENNVO\DESKTOP\11ABGN\EITEMPLATE\RELEASE\STREAM_PARSER.OBJ
C:\USERS\LENNVO\DESKTOP\11ABGN\EITEMPLATE\RELEASE\SYSCONFIGWIZARD.OBJ
C:\USERS\LENNVO\DESKTOP\11ABGN\EITEMPLATE\RELEASE\SYSCONFIGWIZARDSTEP1.OBJ
C:\USERS\LENNVO\DESKTOP\11ABGN\EITEMPLATE\RELEASE\SYSCONFIGWIZARDSTEP2.OBJ
C:\USERS\LENNVO\DESKTOP\11ABGN\EITEMPLATE\RELEASE\SYSCONFIGWIZARDSTEP3.OBJ
C:\USERS\LENNVO\DESKTOP\11ABGN\EITEMPLATE\RELEASE\SYSCONFIGWIZARDSTEP3VIEWDETAIL.OBJ
C:\USERS\LENNVO\DESKTOP\11ABGN\EITEMPLATE\RELEASE\SYSCONFIGWIZARDSTEP4.OBJ
C:\USERS\LENNVO\DESKTOP\11ABGN\EITEMPLATE\RELEASE\SYSCONFIGWIZARDSTEP5.OBJ
C:\USERS\LENNVO\DESKTOP\11ABGN\EITEMPLATE\RELEASE\SYSCONFIGWIZARDSTEP6.OBJ
C:\USERS\LENNVO\DESKTOP\11ABGN\EITEMPLATE\RELEASE\TABCARRIER.OBJ
C:\USERS\LENNVO\DESKTOP\11ABGN\EITEMPLATE\RELEASE\TABINSTRUMENT.OBJ
C:\USERS\LENNVO\DESKTOP\11ABGN\EITEMPLATE\RELEASE\TABMAC.OBJ
C:\USERS\LENNVO\DESKTOP\11ABGN\EITEMPLATE\RELEASE\TABPARENT.OBJ
C:\USERS\LENNVO\DESKTOP\11ABGN\EITEMPLATE\RELEASE\TABPROTOCOLCONFIG.OBJ
C:\USERS\LENNVO\DESKTOP\11ABGN\EITEMPLATE\RELEASE\TRANSFORM_BITS_NUM.OBJ
C:\USERS\LENNVO\DESKTOP\11ABGN\EITEMPLATE\RELEASE\TXSYMBOLASSEMBLY.OBJ
C:\USERS\LENNVO\DESKTOP\11ABGN\EITEMPLATE\RELEASE\VC100.PDB
C:\USERS\LENNVO\DESKTOP\11ABGN\EITEMPLATE\RELEASE\W.OBJ
C:\USERS\LENNVO\DESKTOP\11ABGN\EITEMPLATE\RELEASE\WLAN_CONSTS_VALUEEXTERN.OBJ
C:\USERS\LENNVO\DESKTOP\11ABGN\EITEMPLATE\RELEASE\WLAN_TXPARAM.OBJ
E:\802.11abgn_phy_11a\eiTemplate\Release\802_16_e.obj
E:\802.11abgn_phy_11a\eiTemplate\Release\applyLdpcEnc_ac.obj
E:\802.11abgn_phy_11a\eiTemplate\Release\bcc_encoder.obj
E:\802.11abgn_phy_11a\eiTemplate\Release\bitrev.obj
E:\802.11abgn_phy_11a\eiTemplate\Release\C.obj
E:\802.11abgn_phy_11a\eiTemplate\Release\cl.command.1.tlog
E:\802.11abgn_phy_11a\eiTemplate\Release\CL.read.1.tlog
E:\802.11abgn_phy_11a\eiTemplate\Release\CL.write.1.tlog
E:\802.11abgn_phy_11a\eiTemplate\Release\complex.obj
E:\802.11abgn_phy_11a\eiTemplate\Release\constants_def.obj
E:\802.11abgn_phy_11a\eiTemplate\Release\conve.obj
E:\802.11abgn_phy_11a\eiTemplate\Release\crc16.obj
E:\802.11abgn_phy_11a\eiTemplate\Release\crc32.obj
E:\802.11abgn_phy_11a\eiTemplate\Release\crc8.obj
E:\802.11abgn_phy_11a\eiTemplate\Release\cshifts.obj
E:\802.11abgn_phy_11a\eiTemplate\Release\DataSym.obj
E:\802.11abgn_phy_11a\eiTemplate\Release\eiTemplate.obj
E:\802.11abgn_phy_11a\eiTemplate\Release\eiTemplate.pch
E:\802.11abgn_phy_11a\eiTemplate\Release\eiTemplate.res
E:\802.11abgn_phy_11a\eiTemplate\Release\eiTemplate.write.1.tlog
E:\802.11abgn_phy_11a\eiTemplate\Release\eiTemplateDoc.obj
E:\802.11abgn_phy_11a\eiTemplate\Release\eiTemplateView.obj
E:\802.11abgn_phy_11a\eiTemplate\Release\fcycdel_g.obj
E:\802.11abgn_phy_11a\eiTemplate\Release\fd2td_g.obj
E:\802.11abgn_phy_11a\eiTemplate\Release\func.obj
E:\802.11abgn_phy_11a\eiTemplate\Release\GraphCCDF.obj
E:\802.11abgn_phy_11a\eiTemplate\Release\GraphWAVE.obj
E:\802.11abgn_phy_11a\eiTemplate\Release\ieee802.11b.obj
E:\802.11abgn_phy_11a\eiTemplate\Release\InterfaceClass.obj
E:\802.11abgn_phy_11a\eiTemplate\Release\interleave_n.obj
E:\802.11abgn_phy_11a\eiTemplate\Release\ldpc_encoder.obj
E:\802.11abgn_phy_11a\eiTemplate\Release\ldpc_encpara_g.obj
E:\802.11abgn_phy_11a\eiTemplate\Release\link.command.1.tlog
E:\802.11abgn_phy_11a\eiTemplate\Release\link.read.1.tlog
E:\802.11abgn_phy_11a\eiTemplate\Release\link.write.1.tlog
E:\802.11abgn_phy_11a\eiTemplate\Release\MainFrm.obj
E:\802.11abgn_phy_11a\eiTemplate\Release\mcs_tbl_ac.obj
E:\802.11abgn_phy_11a\eiTemplate\Release\MySplitterWnd.obj
E:\802.11abgn_phy_11a\eiTemplate\Release\parityMatrixGen.obj
E:\802.11abgn_phy_11a\eiTemplate\Release\pilot_map.obj
E:\802.11abgn_phy_11a\eiTemplate\Release\pilot_seq.obj
E:\802.11abgn_phy_11a\eiTemplate\Release\preambleFunc.obj
E:\802.11abgn_phy_11a\eiTemplate\Release\ProtocolA.obj
E:\802.11abgn_phy_11a\eiTemplate\Release\ProtocolB.obj
E:\802.11abgn_phy_11a\eiTemplate\Release\ProtocolG.obj
E:\802.11abgn_phy_11a\eiTemplate\Release\qam_map.obj
E:\802.11abgn_phy_11a\eiTemplate\Release\qam_map256.obj
E:\802.11abgn_phy_11a\eiTemplate\Release\rc.command.1.tlog
E:\802.11abgn_phy_11a\eiTemplate\Release\rc.read.1.tlog
E:\802.11abgn_phy_11a\eiTemplate\Release\rc.write.1.tlog
E:\802.11abgn_phy_11a\eiTemplate\Release\scramble.obj
E:\802.11abgn_phy_11a\eiTemplate\Release\segment_parser.obj
E:\802.11abgn_phy_11a\eiTemplate\Release\Splash.obj
E:\802.11abgn_phy_11a\eiTemplate\Release\stdafx.obj
E:\802.11abgn_phy_11a\eiTemplate\Release\stream_parser.obj
E:\802.11abgn_phy_11a\eiTemplate\Release\SysConfigWizard.obj
E:\802.11abgn_phy_11a\eiTemplate\Release\SysConfigWizardStep1.obj
E:\802.11abgn_phy_11a\eiTemplate\Release\SysConfigWizardStep2.obj
E:\802.11abgn_phy_11a\eiTemplate\Release\SysConfigWizardStep3.obj
E:\802.11abgn_phy_11a\eiTemplate\Release\SysConfigWizardStep3ViewDetail.obj
E:\802.11abgn_phy_11a\eiTemplate\Release\SysConfigWizardStep4.obj
E:\802.11abgn_phy_11a\eiTemplate\Release\SysConfigWizardStep5.obj
E:\802.11abgn_phy_11a\eiTemplate\Release\SysConfigWizardStep6.obj
E:\802.11abgn_phy_11a\eiTemplate\Release\TabCarrier.obj
E:\802.11abgn_phy_11a\eiTemplate\Release\TabInstrument.obj
E:\802.11abgn_phy_11a\eiTemplate\Release\TabMac.obj
E:\802.11abgn_phy_11a\eiTemplate\Release\TabParent.obj
E:\802.11abgn_phy_11a\eiTemplate\Release\TabProtocolConfig.obj
E:\802.11abgn_phy_11a\eiTemplate\Release\transform_bits_num.obj
E:\802.11abgn_phy_11a\eiTemplate\Release\txSymbolAssembly.obj
E:\802.11abgn_phy_11a\eiTemplate\Release\vc100.pdb
E:\802.11abgn_phy_11a\eiTemplate\Release\W.obj
E:\802.11abgn_phy_11a\eiTemplate\Release\wlan_consts_valueEXTERN.obj
E:\802.11abgn_phy_11a\eiTemplate\Release\wlan_txparam.obj
